Traceback (most recent call last):
  File "/Users/jvanscho/miniforge3/lib/python3.9/site-packages/jupyter_cache/executors/utils.py", line 51, in single_nb_execution
    executenb(
  File "/Users/jvanscho/miniforge3/lib/python3.9/site-packages/nbclient/client.py", line 1093, in execute
    return NotebookClient(nb=nb, resources=resources, km=km, **kwargs).execute()
  File "/Users/jvanscho/miniforge3/lib/python3.9/site-packages/nbclient/util.py", line 84, in wrapped
    return just_run(coro(*args, **kwargs))
  File "/Users/jvanscho/miniforge3/lib/python3.9/site-packages/nbclient/util.py", line 62, in just_run
    return loop.run_until_complete(coro)
  File "/Users/jvanscho/miniforge3/lib/python3.9/asyncio/base_events.py", line 642, in run_until_complete
    return future.result()
  File "/Users/jvanscho/miniforge3/lib/python3.9/site-packages/nbclient/client.py", line 559, in async_execute
    await self.async_execute_cell(
  File "/Users/jvanscho/miniforge3/lib/python3.9/site-packages/nbclient/client.py", line 854, in async_execute_cell
    self._check_raise_for_error(cell, exec_reply)
  File "/Users/jvanscho/miniforge3/lib/python3.9/site-packages/nbclient/client.py", line 756, in _check_raise_for_error
    raise CellExecutionError.from_cell_and_msg(cell, exec_reply_content)
nbclient.exceptions.CellExecutionError: An error occurred while executing the following cell:
------------------
from gama.logging.GamaReport import GamaReport
report = GamaReport(log_directory="gama_log")
evaluations = transform_evaluations(report.evaluations)
evaluations.sample(5).sort_values(by='n')  # Show 5 random samples from the dataframe, but sort them by order of n.
------------------

[0;31m---------------------------------------------------------------------------[0m
[0;31mValueError[0m                                Traceback (most recent call last)
[0;32m/var/folders/0t/5d8ttqzd773fy0wq3h5db0xr0000gn/T/ipykernel_2304/2342031545.py[0m in [0;36m<module>[0;34m[0m
[1;32m      1[0m [0;32mfrom[0m [0mgama[0m[0;34m.[0m[0mlogging[0m[0;34m.[0m[0mGamaReport[0m [0;32mimport[0m [0mGamaReport[0m[0;34m[0m[0;34m[0m[0m
[0;32m----> 2[0;31m [0mreport[0m [0;34m=[0m [0mGamaReport[0m[0;34m([0m[0mlog_directory[0m[0;34m=[0m[0;34m"gama_log"[0m[0;34m)[0m[0;34m[0m[0;34m[0m[0m
[0m[1;32m      3[0m [0mevaluations[0m [0;34m=[0m [0mtransform_evaluations[0m[0;34m([0m[0mreport[0m[0;34m.[0m[0mevaluations[0m[0;34m)[0m[0;34m[0m[0;34m[0m[0m
[1;32m      4[0m [0mevaluations[0m[0;34m.[0m[0msample[0m[0;34m([0m[0;36m5[0m[0;34m)[0m[0;34m.[0m[0msort_values[0m[0;34m([0m[0mby[0m[0;34m=[0m[0;34m'n'[0m[0;34m)[0m  [0;31m# Show 5 random samples from the dataframe, but sort them by order of n.[0m[0;34m[0m[0;34m[0m[0m

[0;32m~/miniforge3/lib/python3.9/site-packages/gama/logging/GamaReport.py[0m in [0;36m__init__[0;34m(self, log_directory)[0m
[1;32m     57[0m [0;34m[0m[0m
[1;32m     58[0m         [0mself[0m[0;34m.[0m[0mincomplete[0m [0;34m=[0m [0mlen[0m[0;34m([0m[0mself[0m[0;34m.[0m[0mphases[0m[0;34m)[0m [0;34m<[0m [0;36m3[0m[0;34m[0m[0;34m[0m[0m
[0;32m---> 59[0;31m         [0mself[0m[0;34m.[0m[0mupdate[0m[0;34m([0m[0mforce[0m[0;34m=[0m[0;32mTrue[0m[0;34m)[0m  [0;31m# updates self.evaluations and self.method_data[0m[0;34m[0m[0;34m[0m[0m
[0m[1;32m     60[0m         [0;31m# [ ] Dashboard -- how point to directory?? => #97[0m[0;34m[0m[0;34m[0m[0m
[1;32m     61[0m [0;34m[0m[0m

[0;32m~/miniforge3/lib/python3.9/site-packages/gama/logging/GamaReport.py[0m in [0;36mupdate[0;34m(self, force)[0m
[1;32m     83[0m                 [0;32mreturn[0m [0mpd[0m[0;34m.[0m[0mSeries[0m[0;34m([0m[0;34m[[0m[0mfloat[0m[0;34m([0m[0mvalue[0m[0;34m)[0m [0;32mfor[0m [0mvalue[0m [0;32min[0m [0mtuple_str[0m[0;34m[[0m[0;36m1[0m[0;34m:[0m[0;34m-[0m[0;36m1[0m[0;34m][0m[0;34m.[0m[0msplit[0m[0;34m([0m[0;34m","[0m[0;34m)[0m[0;34m][0m[0;34m)[0m[0;34m[0m[0;34m[0m[0m
[1;32m     84[0m [0;34m[0m[0m
[0;32m---> 85[0;31m             [0mdf[0m[0;34m[[0m[0mself[0m[0;34m.[0m[0mmetrics[0m[0;34m][0m [0;34m=[0m [0mdf[0m[0;34m.[0m[0mscore[0m[0;34m.[0m[0mapply[0m[0;34m([0m[0mtuple_to_metrics[0m[0;34m)[0m[0;34m[0m[0;34m[0m[0m
[0m[1;32m     86[0m             [0mdf[0m[0;34m.[0m[0mstart[0m [0;34m=[0m [0mpd[0m[0;34m.[0m[0mto_datetime[0m[0;34m([0m[0mdf[0m[0;34m.[0m[0mstart[0m[0;34m)[0m  [0;31m# needed?[0m[0;34m[0m[0;34m[0m[0m
[1;32m     87[0m             [0mdf[0m[0;34m.[0m[0mduration[0m [0;34m=[0m [0mpd[0m[0;34m.[0m[0mto_timedelta[0m[0;34m([0m[0mdf[0m[0;34m.[0m[0mduration[0m[0;34m,[0m [0munit[0m[0;34m=[0m[0;34m"s"[0m[0;34m)[0m[0;34m[0m[0;34m[0m[0m

[0;32m~/miniforge3/lib/python3.9/site-packages/pandas/core/series.py[0m in [0;36mapply[0;34m(self, func, convert_dtype, args, **kwargs)[0m
[1;32m   4428[0m         [0mdtype[0m[0;34m:[0m [0mfloat64[0m[0;34m[0m[0;34m[0m[0m
[1;32m   4429[0m         """
[0;32m-> 4430[0;31m         [0;32mreturn[0m [0mSeriesApply[0m[0;34m([0m[0mself[0m[0;34m,[0m [0mfunc[0m[0;34m,[0m [0mconvert_dtype[0m[0;34m,[0m [0margs[0m[0;34m,[0m [0mkwargs[0m[0;34m)[0m[0;34m.[0m[0mapply[0m[0;34m([0m[0;34m)[0m[0;34m[0m[0;34m[0m[0m
[0m[1;32m   4431[0m [0;34m[0m[0m
[1;32m   4432[0m     def _reduce(

[0;32m~/miniforge3/lib/python3.9/site-packages/pandas/core/apply.py[0m in [0;36mapply[0;34m(self)[0m
[1;32m   1080[0m             [0;32mreturn[0m [0mself[0m[0;34m.[0m[0mapply_str[0m[0;34m([0m[0;34m)[0m[0;34m[0m[0;34m[0m[0m
[1;32m   1081[0m [0;34m[0m[0m
[0;32m-> 1082[0;31m         [0;32mreturn[0m [0mself[0m[0;34m.[0m[0mapply_standard[0m[0;34m([0m[0;34m)[0m[0;34m[0m[0;34m[0m[0m
[0m[1;32m   1083[0m [0;34m[0m[0m
[1;32m   1084[0m     [0;32mdef[0m [0magg[0m[0;34m([0m[0mself[0m[0;34m)[0m[0;34m:[0m[0;34m[0m[0;34m[0m[0m

[0;32m~/miniforge3/lib/python3.9/site-packages/pandas/core/apply.py[0m in [0;36mapply_standard[0;34m(self)[0m
[1;32m   1135[0m                 [0;31m# List[Union[Callable[..., Any], str]]]]]"; expected[0m[0;34m[0m[0;34m[0m[0m
[1;32m   1136[0m                 [0;31m# "Callable[[Any], Any]"[0m[0;34m[0m[0;34m[0m[0m
[0;32m-> 1137[0;31m                 mapped = lib.map_infer(
[0m[1;32m   1138[0m                     [0mvalues[0m[0;34m,[0m[0;34m[0m[0;34m[0m[0m
[1;32m   1139[0m                     [0mf[0m[0;34m,[0m  [0;31m# type: ignore[arg-type][0m[0;34m[0m[0;34m[0m[0m

[0;32m~/miniforge3/lib/python3.9/site-packages/pandas/_libs/lib.pyx[0m in [0;36mpandas._libs.lib.map_infer[0;34m()[0m

[0;32m~/miniforge3/lib/python3.9/site-packages/gama/logging/GamaReport.py[0m in [0;36mtuple_to_metrics[0;34m(tuple_str)[0m
[1;32m     81[0m [0;34m[0m[0m
[1;32m     82[0m             [0;32mdef[0m [0mtuple_to_metrics[0m[0;34m([0m[0mtuple_str[0m[0;34m)[0m[0;34m:[0m[0;34m[0m[0;34m[0m[0m
[0;32m---> 83[0;31m                 [0;32mreturn[0m [0mpd[0m[0;34m.[0m[0mSeries[0m[0;34m([0m[0;34m[[0m[0mfloat[0m[0;34m([0m[0mvalue[0m[0;34m)[0m [0;32mfor[0m [0mvalue[0m [0;32min[0m [0mtuple_str[0m[0;34m[[0m[0;36m1[0m[0;34m:[0m[0;34m-[0m[0;36m1[0m[0;34m][0m[0;34m.[0m[0msplit[0m[0;34m([0m[0;34m","[0m[0;34m)[0m[0;34m][0m[0;34m)[0m[0;34m[0m[0;34m[0m[0m
[0m[1;32m     84[0m [0;34m[0m[0m
[1;32m     85[0m             [0mdf[0m[0;34m[[0m[0mself[0m[0;34m.[0m[0mmetrics[0m[0;34m][0m [0;34m=[0m [0mdf[0m[0;34m.[0m[0mscore[0m[0;34m.[0m[0mapply[0m[0;34m([0m[0mtuple_to_metrics[0m[0;34m)[0m[0;34m[0m[0;34m[0m[0m

[0;32m~/miniforge3/lib/python3.9/site-packages/gama/logging/GamaReport.py[0m in [0;36m<listcomp>[0;34m(.0)[0m
[1;32m     81[0m [0;34m[0m[0m
[1;32m     82[0m             [0;32mdef[0m [0mtuple_to_metrics[0m[0;34m([0m[0mtuple_str[0m[0;34m)[0m[0;34m:[0m[0;34m[0m[0;34m[0m[0m
[0;32m---> 83[0;31m                 [0;32mreturn[0m [0mpd[0m[0;34m.[0m[0mSeries[0m[0;34m([0m[0;34m[[0m[0mfloat[0m[0;34m([0m[0mvalue[0m[0;34m)[0m [0;32mfor[0m [0mvalue[0m [0;32min[0m [0mtuple_str[0m[0;34m[[0m[0;36m1[0m[0;34m:[0m[0;34m-[0m[0;36m1[0m[0;34m][0m[0;34m.[0m[0msplit[0m[0;34m([0m[0;34m","[0m[0;34m)[0m[0;34m][0m[0;34m)[0m[0;34m[0m[0;34m[0m[0m
[0m[1;32m     84[0m [0;34m[0m[0m
[1;32m     85[0m             [0mdf[0m[0;34m[[0m[0mself[0m[0;34m.[0m[0mmetrics[0m[0;34m][0m [0;34m=[0m [0mdf[0m[0;34m.[0m[0mscore[0m[0;34m.[0m[0mapply[0m[0;34m([0m[0mtuple_to_metrics[0m[0;34m)[0m[0;34m[0m[0;34m[0m[0m

[0;31mValueError[0m: could not convert string to float: 'cor'
ValueError: could not convert string to float: 'cor'

